<?xml version="1.0" encoding="UTF-8"?>
<!-- Generated by org.testng.reporters.JUnitReportReporter -->
<testsuite hostname="DESKTOP-U4N34CQ" failures="0" tests="2" name="CourseEndProject.Assignment002" time="5.104" errors="0" timestamp="2023-11-10T12:21:17 IST" skipped="0">
  <testcase classname="CourseEndProject.Assignment002" name="assignment002Post" time="3.781"/>
  <system-out/>
  <testcase classname="CourseEndProject.Assignment002" name="assignment002Put" time="1.323"/>
  <system-out/>
</testsuite> <!-- CourseEndProject.Assignment002 -->
