<?xml version="1.0" encoding="UTF-8"?>
<!-- Generated by org.testng.reporters.JUnitReportReporter -->
<testsuite hostname="DESKTOP-U4N34CQ" failures="0" tests="2" name="restassureScript.Script008GITHUBBearerToken" time="5.043" errors="0" timestamp="2023-11-09T11:25:24 IST" skipped="0">
  <testcase classname="restassureScript.Script008GITHUBBearerToken" name="Authorization_bearertoken" time="4.590"/>
  <system-out/>
  <testcase classname="restassureScript.Script008GITHUBBearerToken" name="Authorization_bearertoken_specificrepo" time="0.453"/>
  <system-out/>
</testsuite> <!-- restassureScript.Script008GITHUBBearerToken -->
