<?xml version="1.0" encoding="UTF-8"?>
<!-- Generated by org.testng.reporters.JUnitReportReporter -->
<testsuite hostname="DESKTOP-U4N34CQ" failures="0" tests="2" name="restassureScript.Script002GetMethod" time="1.976" errors="0" timestamp="2023-11-09T17:43:47 IST" skipped="0">
  <testcase classname="restassureScript.Script002GetMethod" name="setupCheck" time="0.165"/>
  <system-out/>
  <testcase classname="restassureScript.Script002GetMethod" name="GetMethodBDDStyle" time="1.811"/>
  <system-out/>
</testsuite> <!-- restassureScript.Script002GetMethod -->
