<?xml version="1.0" encoding="UTF-8"?>
<!-- Generated by org.testng.reporters.JUnitReportReporter -->
<testsuite hostname="DESKTOP-U4N34CQ" failures="0" tests="1" name="restassureScript.Log4jDemo" time="0.017" errors="0" timestamp="2023-11-10T10:58:24 IST" skipped="0">
  <testcase classname="restassureScript.Log4jDemo" name="method1" time="0.017"/>
  <system-out/>
</testsuite> <!-- restassureScript.Log4jDemo -->
