<?xml version="1.0" encoding="UTF-8"?>
<!-- Generated by org.testng.reporters.JUnitReportReporter -->
<testsuite hostname="DESKTOP-U4N34CQ" failures="0" tests="1" name="restassureScript.Script001SetUpCheck" time="3.955" errors="0" timestamp="2023-11-08T10:06:55 IST" skipped="0">
  <testcase classname="restassureScript.Script001SetUpCheck" name="setupCheck" time="3.955"/>
  <system-out/>
</testsuite> <!-- restassureScript.Script001SetUpCheck -->
