<?xml version="1.0" encoding="UTF-8"?>
<!-- Generated by org.testng.reporters.JUnitReportReporter -->
<testsuite hostname="DESKTOP-U4N34CQ" failures="0" tests="1" name="restassureScript.LogginginRestAssured" time="7.272" errors="0" timestamp="2023-11-10T09:18:14 IST" skipped="0">
  <testcase classname="restassureScript.LogginginRestAssured" name="loggingmethods" time="7.272"/>
  <system-out/>
</testsuite> <!-- restassureScript.LogginginRestAssured -->
