<?xml version="1.0" encoding="UTF-8"?>
<!-- Generated by org.testng.reporters.JUnitReportReporter -->
<testsuite hostname="DESKTOP-U4N34CQ" failures="0" tests="3" name="CourseEndProject.Assignment001Demo" time="6.663" errors="0" timestamp="2023-11-10T12:03:14 IST" skipped="0">
  <testcase classname="CourseEndProject.Assignment001Demo" name="assignment001Post" time="3.909"/>
  <system-out/>
  <testcase classname="CourseEndProject.Assignment001Demo" name="assignment001Get" time="1.440"/>
  <system-out/>
  <testcase classname="CourseEndProject.Assignment001Demo" name="assignment001Delete" time="1.314"/>
  <system-out/>
</testsuite> <!-- CourseEndProject.Assignment001Demo -->
