<?xml version="1.0" encoding="UTF-8"?>
<!-- Generated by org.testng.reporters.JUnitReportReporter -->
<testsuite hostname="DESKTOP-U4N34CQ" failures="0" tests="1" name="restassureScript.Script005Payloadxml" time="4.072" errors="0" timestamp="2023-11-08T12:28:51 IST" skipped="0">
  <testcase classname="restassureScript.Script005Payloadxml" name="payloadxml" time="4.072"/>
  <system-out/>
</testsuite> <!-- restassureScript.Script005Payloadxml -->
