<?xml version="1.0" encoding="UTF-8"?>
<!-- Generated by org.testng.reporters.JUnitReportReporter -->
<testsuite hostname="DESKTOP-U4N34CQ" failures="0" tests="1" name="restassureScript.Script004PayLoad" time="3.381" errors="0" timestamp="2023-11-08T12:02:15 IST" skipped="0">
  <testcase classname="restassureScript.Script004PayLoad" name="postUsingJson" time="3.381"/>
  <system-out/>
</testsuite> <!-- restassureScript.Script004PayLoad -->
