<?xml version="1.0" encoding="UTF-8"?>
<!-- Generated by org.testng.reporters.JUnitReportReporter -->
<testsuite hostname="DESKTOP-U4N34CQ" failures="0" tests="2" name="CourseEndProject.Assignment005Demo" time="8.058" errors="0" timestamp="2023-11-10T12:45:06 IST" skipped="0">
  <testcase classname="CourseEndProject.Assignment005Demo" name="assignment005FindByStatus" time="6.016"/>
  <system-out/>
  <testcase classname="CourseEndProject.Assignment005Demo" name="assignment006Logout" time="2.042"/>
  <system-out/>
</testsuite> <!-- CourseEndProject.Assignment005Demo -->
