<?xml version="1.0" encoding="UTF-8"?>
<!-- Generated by org.testng.reporters.JUnitReportReporter -->
<testsuite hostname="DESKTOP-U4N34CQ" failures="0" tests="2" name="CourseEndProject.Assignment003004Demo" time="5.085" errors="0" timestamp="2023-11-10T12:40:20 IST" skipped="0">
  <testcase classname="CourseEndProject.Assignment003004Demo" name="assignment003User" time="3.725"/>
  <system-out/>
  <testcase classname="CourseEndProject.Assignment003004Demo" name="assignment004login" time="1.360"/>
  <system-out/>
</testsuite> <!-- CourseEndProject.Assignment003004Demo -->
