<?xml version="1.0" encoding="UTF-8"?>
<!-- Generated by org.testng.reporters.JUnitReportReporter -->
<testsuite hostname="DESKTOP-U4N34CQ" failures="0" tests="1" name="restassureScript.Script0010SSLAuthentication" time="3.475" errors="0" timestamp="2023-11-09T12:08:55 IST" skipped="0">
  <testcase classname="restassureScript.Script0010SSLAuthentication" name="SSL_authentication" time="3.475"/>
  <system-out/>
</testsuite> <!-- restassureScript.Script0010SSLAuthentication -->
