<?xml version="1.0" encoding="UTF-8"?>
<!-- Generated by org.testng.reporters.JUnitReportReporter -->
<testsuite hostname="DESKTOP-U4N34CQ" failures="0" tests="3" name="restassureScript.Script007Hamcrestmethod" time="7.038" errors="0" timestamp="2023-11-09T18:03:20 IST" skipped="0">
  <testcase classname="restassureScript.Script007Hamcrestmethod" name="ValidateRepsonseBody" time="3.902"/>
  <system-out/>
  <testcase classname="restassureScript.Script007Hamcrestmethod" name="ValidateRepsonseBody_equlaTo" time="1.443"/>
  <system-out/>
  <testcase classname="restassureScript.Script007Hamcrestmethod" name="ValidateRepsonseBody_hasitems" time="1.693"/>
  <system-out/>
</testsuite> <!-- restassureScript.Script007Hamcrestmethod -->
