<?xml version="1.0" encoding="UTF-8"?>
<!-- Generated by org.testng.reporters.JUnitReportReporter -->
<testsuite hostname="DESKTOP-U4N34CQ" failures="0" tests="1" name="restassureScript.SCRIPT003PostMethod" time="2.733" errors="0" timestamp="2023-11-08T11:00:10 IST" skipped="0">
  <testcase classname="restassureScript.SCRIPT003PostMethod" name="postmethod" time="2.733"/>
  <system-out/>
</testsuite> <!-- restassureScript.SCRIPT003PostMethod -->
