<?xml version="1.0" encoding="UTF-8"?>
<!-- Generated by org.testng.reporters.JUnitReportReporter -->
<testsuite hostname="DESKTOP-U4N34CQ" failures="0" tests="3" name="restassureScript.Script006PostManAPIkeys" time="7.316" errors="0" timestamp="2023-11-09T09:49:24 IST" skipped="0">
  <testcase classname="restassureScript.Script006PostManAPIkeys" name="postmangetreq" time="3.222"/>
  <system-out/>
  <testcase classname="restassureScript.Script006PostManAPIkeys" name="extract_value_response" time="2.312"/>
  <system-out/>
  <testcase classname="restassureScript.Script006PostManAPIkeys" name="extract_response_JSONPath" time="1.782"/>
  <system-out/>
</testsuite> <!-- restassureScript.Script006PostManAPIkeys -->
