<?xml version="1.0" encoding="UTF-8"?>
<!-- Generated by org.testng.reporters.JUnitReportReporter -->
<testsuite hostname="DESKTOP-U4N34CQ" failures="0" tests="1" name="phaseend3.Part2" time="3.216" errors="0" timestamp="2023-11-09T17:56:51 IST" skipped="0">
  <testcase classname="phaseend3.Part2" name="GetMethodBDDStyle" time="3.216"/>
  <system-out/>
</testsuite> <!-- phaseend3.Part2 -->
